Arguments: 
  /Users/anishniroula/.nvm/versions/node/v16.13.0/bin/node /usr/local/bin/yarn publish

PATH: 
  /Users/anishniroula/Desktop/google-cloud-sdk/bin:/Users/anishniroula/.nvm/versions/node/v16.13.0/bin:/opt/homebrew/bin:/usr/local/opt/openjdk@8/bin:/usr/local/apache-maven/apache-maven-3.8.5/bin:/usr/local/apache-maven/apache-maven-3.8.5/bin:/usr/local/opt/openjdk@8/bin:/usr/local/bin:/usr/bin:/bin:/usr/sbin:/sbin:/Library/Apple/usr/bin:/Users/anishniroula/Desktop/google-cloud-sdk/bin:/Users/anishniroula/.nvm/versions/node/v16.13.0/bin:/opt/homebrew/bin:/usr/local/opt/openjdk@8/bin:/usr/local/apache-maven/apache-maven-3.8.5/bin:/Users/anishniroula/Library/Android/sdk/emulator:/Users/anishniroula/Library/Android/sdk/tools:/Users/anishniroula/Library/Android/sdk/tools/bin:/Users/anishniroula/Library/Android/sdk/platform-tools:/Users/anishniroula/Library/Android/sdk/emulator:/Users/anishniroula/Library/Android/sdk/tools:/Users/anishniroula/Library/Android/sdk/tools/bin:/Users/anishniroula/Library/Android/sdk/platform-tools:/Users/anishniroula/Library/Android/sdk/emulator:/Users/anishniroula/Library/Android/sdk/tools:/Users/anishniroula/Library/Android/sdk/tools/bin:/Users/anishniroula/Library/Android/sdk/platform-tools

Yarn version: 
  1.22.17

Node version: 
  16.13.0

Platform: 
  darwin arm64

Trace: 
  Error: https://registry.yarnpkg.com/-/user/org.couchdb.user:anishniroula1: failed to authenticate: Could not authenticate anishniroula1: bad password
      at Request.params.callback [as _callback] (/usr/local/lib/node_modules/yarn/lib/cli.js:67029:18)
      at Request.self.callback (/usr/local/lib/node_modules/yarn/lib/cli.js:140883:22)
      at Request.emit (node:events:390:28)
      at Request.<anonymous> (/usr/local/lib/node_modules/yarn/lib/cli.js:141855:10)
      at Request.emit (node:events:390:28)
      at IncomingMessage.<anonymous> (/usr/local/lib/node_modules/yarn/lib/cli.js:141777:12)
      at Object.onceWrapper (node:events:509:28)
      at IncomingMessage.emit (node:events:402:35)
      at endReadableNT (node:internal/streams/readable:1343:12)
      at processTicksAndRejections (node:internal/process/task_queues:83:21)

npm manifest: 
  {
    "name": "form-validation-react-native",
    "version": "1.5.9",
    "description": "Form Validator for IOS and Android",
    "main": "index.js",
    "types": "index.d.ts",
    "scripts": {
      "test": "echo \"Error: no test specified\" && exit 1"
    },
    "keywords": [
      "form",
      "validation",
      "react",
      "native"
    ],
    "dependencies": {
      "axios": "*"
    },
    "author": "anishniroula",
    "license": "ISC"
  }

yarn manifest: 
  No manifest

Lockfile: 
  No lockfile
